<?xml version="1.0" encoding="UTF-8"?>
<!-- Generated by org.testng.reporters.JUnitXMLReporter -->
<testsuite hostname="LAPTOP-FBFACADN" ignored="0" name="Create" tests="3" failures="0" timestamp="2020-12-07T12:34:49 IST" time="13.305" errors="0">
  <testcase name="AddComputer" time="2.442" classname="com.projects.testcases.CreateComputer"/>
  <testcase name="Inputdata" time="0.58" classname="com.projects.testcases.CreateComputer"/>
  <testcase name="clickandverify" time="0.906" classname="com.projects.testcases.CreateComputer"/>
</testsuite> <!-- Create -->
