<?xml version="1.0" encoding="UTF-8"?>
<!-- Generated by org.testng.reporters.JUnitXMLReporter -->
<testsuite hostname="LAPTOP-FBFACADN" ignored="0" name="Delete" tests="3" failures="0" timestamp="2020-12-07T12:35:11 IST" time="11.037" errors="0">
  <testcase name="searchandopen" time="1.785" classname="com.projects.testcases.SearchAndDelete"/>
  <testcase name="deleteandverifymsg" time="1.494" classname="com.projects.testcases.SearchAndDelete"/>
  <testcase name="verify" time="0.031" classname="com.projects.testcases.SearchAndDelete"/>
</testsuite> <!-- Delete -->
