<?xml version="1.0" encoding="UTF-8"?>
<!-- Generated by org.testng.reporters.JUnitXMLReporter -->
<testsuite hostname="LAPTOP-FBFACADN" ignored="0" name="Edit" tests="3" failures="0" timestamp="2020-12-07T12:35:00 IST" time="10.993" errors="0">
  <testcase name="EditComputerDetails" time="1.195" classname="com.projects.testcases.EditandsaveComputer"/>
  <testcase name="EditdataAndSave" time="1.439" classname="com.projects.testcases.EditandsaveComputer"/>
  <testcase name="verify" time="0.036" classname="com.projects.testcases.EditandsaveComputer"/>
</testsuite> <!-- Edit -->
